<?xml version="1.0" encoding="UTF-8"?>
<testng-results skipped="0" failed="0" total="1" passed="1">
  <reporter-output>
  </reporter-output>
  <suite name="Default suite" duration-ms="51652" started-at="2016-08-27T04:23:01Z" finished-at="2016-08-27T04:23:53Z">
    <groups>
    </groups>
    <test name="Default test" duration-ms="51652" started-at="2016-08-27T04:23:01Z" finished-at="2016-08-27T04:23:53Z">
      <class name="day29.TestCase2">
        <test-method status="PASS" signature="registrationTest()[pri:0, instance:day29.TestCase2@189fab56]" name="registrationTest" duration-ms="51592" started-at="2016-08-26T21:23:01Z" finished-at="2016-08-26T21:23:53Z">
          <reporter-output>
          </reporter-output>
        </test-method> <!-- registrationTest -->
      </class> <!-- day29.TestCase2 -->
    </test> <!-- Default test -->
  </suite> <!-- Default suite -->
</testng-results>
