<?xml version="1.0" encoding="UTF-8"?>
<!-- Generated by org.testng.reporters.JUnitXMLReporter -->
<testsuite hostname="Sai-PC" name="On firefox" tests="4" failures="1" timestamp="6 Sep 2016 05:01:03 GMT" time="158.505" errors="0">
  <testcase name="loginTest" time="35.006" classname="com.orangehrm.testsuite.Login"/>
  <testcase name="addEmpoyeeTest" time="118.527" classname="com.orangehrm.testsuite.AddEmployee"/>
  <testcase name="screeshotTest" time="0.08" classname="com.orangehrm.testsuite.TakingScreenshot">
    <failure type="javax.servlet.jsp.SkipPageException" message="Screesnshot test case skipped">
      <![CDATA[javax.servlet.jsp.SkipPageException: Screesnshot test case skipped
	at com.orangehrm.testsuite.TakingScreenshot.screeshotTest(TakingScreenshot.java:15)
	at java.util.concurrent.FutureTask.run(Unknown Source)
	at java.util.concurrent.ThreadPoolExecutor.runWorker(Unknown Source)
	at java.util.concurrent.ThreadPoolExecutor$Worker.run(Unknown Source)
	at java.lang.Thread.run(Unknown Source)
... Removed 16 stack frames]]>
    </failure>
  </testcase> <!-- screeshotTest -->
  <testcase name="logoutTest" time="4.812" classname="com.orangehrm.testsuite.Logout"/>
</testsuite> <!-- On firefox -->
