<?xml version="1.0" encoding="UTF-8"?>
<testng-results skipped="0" failed="0" total="1" passed="1">
  <reporter-output>
  </reporter-output>
  <suite name="Default suite" duration-ms="84396" started-at="2016-08-10T04:08:39Z" finished-at="2016-08-10T04:10:03Z">
    <groups>
    </groups>
    <test name="Default test" duration-ms="84396" started-at="2016-08-10T04:08:39Z" finished-at="2016-08-10T04:10:03Z">
      <class name="DropdownExcel">
        <test-method status="PASS" signature="setUp()[pri:0, instance:DropdownExcel@1df06863]" name="setUp" is-config="true" duration-ms="10439" started-at="2016-08-09T21:08:39Z" finished-at="2016-08-09T21:08:50Z">
          <reporter-output>
          </reporter-output>
        </test-method> <!-- setUp -->
        <test-method status="PASS" signature="dropdownTest()[pri:0, instance:DropdownExcel@1df06863]" name="dropdownTest" duration-ms="73894" started-at="2016-08-09T21:08:50Z" finished-at="2016-08-09T21:10:03Z">
          <reporter-output>
          </reporter-output>
        </test-method> <!-- dropdownTest -->
      </class> <!-- DropdownExcel -->
    </test> <!-- Default test -->
  </suite> <!-- Default suite -->
</testng-results>
