<?xml version="1.0" encoding="UTF-8"?>
<!-- Generated by org.testng.reporters.JUnitXMLReporter -->
<testsuite hostname="Sai-PC" name="Enedtestingo end  " tests="5" failures="0" timestamp="19 Aug 2016 04:44:34 GMT" time="69.879" errors="0">
  <testcase name="loginTest" time="50.556" classname="day25.testsuite.Login"/>
  <testcase name="findAFlighttest" time="2.823" classname="day25.testsuite.FindAFlight"/>
  <testcase name="selectAFlightTest" time="4.218" classname="day25.testsuite.SelectAFlight"/>
  <testcase name="bookAFlightTest" time="12.051" classname="day25.testsuite.BookAFlight"/>
  <testcase name="flightConfirmtest" time="0.122" classname="day25.testsuite.FlightConfirmation"/>
</testsuite> <!-- Enedtestingo end   -->
